2025-05-31 21:36:45.817 WARNING (SyncWorker_0) [homeassistant.loader] We found a custom integration hacs which has not been tested by Home Assistant. This component might cause stability problems, be sure to disable it if you experience issues with Home Assistant
2025-05-31 21:36:45.821 WARNING (SyncWorker_0) [homeassistant.loader] We found a custom integration webrtc which has not been tested by Home Assistant. This component might cause stability problems, be sure to disable it if you experience issues with Home Assistant
2025-05-31 21:36:47.453 WARNING (MainThread) [homeassistant.helpers.frame] Detected that custom integration 'webrtc' accessed lovelace_data['resources'] instead of lovelace_data.resources at custom_components/webrtc/utils.py, line 129: resources: ResourceStorageCollection = hass.data["lovelace"]["resources"]. This will stop working in Home Assistant 2026.2, please create a bug report at https://github.com/AlexxIT/WebRTC/issues
2025-05-31 21:36:49.715 ERROR (stream_worker) [homeassistant.components.stream.stream.camera.172_27_192_1] Error from stream worker: Not Found error opening stream (HTTP_NOT_FOUND, Server returned 404 Not Found, rtsp://****:****@172.27.192.1:8554/mystream)
2025-05-31 21:36:53.956 WARNING (MainThread) [homeassistant.components.mqtt.light.schema_json] Invalid brightness value '100' received for entity light.bedroom_1_light
2025-05-31 21:36:53.957 WARNING (MainThread) [homeassistant.components.mqtt.light.schema_json] Invalid brightness value '100' received for entity light.bedroom_2_light
2025-05-31 21:36:53.958 WARNING (MainThread) [homeassistant.components.mqtt.light.schema_json] Invalid brightness value '100' received for entity light.living_room_light
2025-05-31 21:36:53.959 WARNING (MainThread) [homeassistant.components.mqtt.light.schema_json] Invalid brightness value '100' received for entity light.kitchen_light
2025-05-31 21:36:53.960 WARNING (MainThread) [homeassistant.components.mqtt.light.schema_json] Invalid brightness value '100' received for entity light.bathroom_light_1
2025-05-31 21:36:53.960 WARNING (MainThread) [homeassistant.components.mqtt.light.schema_json] Invalid brightness value '100' received for entity light.bathroom_light_2
2025-05-31 21:36:59.722 ERROR (stream_worker) [homeassistant.components.stream.stream.camera.172_27_192_1] Error from stream worker: Not Found error opening stream (HTTP_NOT_FOUND, Server returned 404 Not Found, rtsp://****:****@172.27.192.1:8554/mystream)
2025-05-31 21:37:19.728 ERROR (stream_worker) [homeassistant.components.stream.stream.camera.172_27_192_1] Error from stream worker: Not Found error opening stream (HTTP_NOT_FOUND, Server returned 404 Not Found, rtsp://****:****@172.27.192.1:8554/mystream)
2025-05-31 21:37:49.733 ERROR (stream_worker) [homeassistant.components.stream.stream.camera.172_27_192_1] Error from stream worker: Not Found error opening stream (HTTP_NOT_FOUND, Server returned 404 Not Found, rtsp://****:****@172.27.192.1:8554/mystream)
2025-05-31 21:38:29.740 ERROR (stream_worker) [homeassistant.components.stream.stream.camera.172_27_192_1] Error from stream worker: Not Found error opening stream (HTTP_NOT_FOUND, Server returned 404 Not Found, rtsp://****:****@172.27.192.1:8554/mystream)
2025-05-31 21:39:19.745 ERROR (stream_worker) [homeassistant.components.stream.stream.camera.172_27_192_1] Error from stream worker: Not Found error opening stream (HTTP_NOT_FOUND, Server returned 404 Not Found, rtsp://****:****@172.27.192.1:8554/mystream)
2025-05-31 21:40:19.747 ERROR (stream_worker) [homeassistant.components.stream.stream.camera.172_27_192_1] Error from stream worker: Not Found error opening stream (HTTP_NOT_FOUND, Server returned 404 Not Found, rtsp://****:****@172.27.192.1:8554/mystream)
2025-05-31 21:41:29.751 ERROR (stream_worker) [homeassistant.components.stream.stream.camera.172_27_192_1] Error from stream worker: Not Found error opening stream (HTTP_NOT_FOUND, Server returned 404 Not Found, rtsp://****:****@172.27.192.1:8554/mystream)
2025-05-31 21:42:41.261 WARNING (MainThread) [homeassistant.components.mqtt.light.schema_json] Invalid brightness value '100' received for entity light.bedroom_1_light
2025-05-31 21:42:41.262 WARNING (MainThread) [homeassistant.components.mqtt.light.schema_json] Invalid brightness value '100' received for entity light.bedroom_2_light
2025-05-31 21:42:41.262 WARNING (MainThread) [homeassistant.components.mqtt.light.schema_json] Invalid brightness value '100' received for entity light.living_room_light
2025-05-31 21:42:41.262 WARNING (MainThread) [homeassistant.components.mqtt.light.schema_json] Invalid brightness value '100' received for entity light.kitchen_light
2025-05-31 21:42:41.263 WARNING (MainThread) [homeassistant.components.mqtt.light.schema_json] Invalid brightness value '100' received for entity light.bathroom_light_1
2025-05-31 21:42:41.263 WARNING (MainThread) [homeassistant.components.mqtt.light.schema_json] Invalid brightness value '100' received for entity light.bathroom_light_2
2025-05-31 21:42:49.754 ERROR (stream_worker) [homeassistant.components.stream.stream.camera.172_27_192_1] Error from stream worker: Not Found error opening stream (HTTP_NOT_FOUND, Server returned 404 Not Found, rtsp://****:****@172.27.192.1:8554/mystream)
2025-05-31 21:44:19.756 ERROR (stream_worker) [homeassistant.components.stream.stream.camera.172_27_192_1] Error from stream worker: Not Found error opening stream (HTTP_NOT_FOUND, Server returned 404 Not Found, rtsp://****:****@172.27.192.1:8554/mystream)
2025-05-31 21:44:20.186 WARNING (MainThread) [homeassistant.components.light] light.kitchen_light (<class 'homeassistant.components.mqtt.light.schema_json.MqttLightJson'>) does not report a color mode, this will stop working in Home Assistant Core 2025.3, please create a bug report at https://github.com/home-assistant/core/issues?q=is%3Aopen+is%3Aissue+label%3A%22integration%3A+mqtt%22
2025-05-31 21:44:26.190 WARNING (MainThread) [homeassistant.helpers.template] Template variable warning: 'str object' has no attribute 'value' when rendering 'No one at kitchen while {{trigger.platform.value}} are still on fire'
2025-05-31 21:45:59.761 ERROR (stream_worker) [homeassistant.components.stream.stream.camera.172_27_192_1] Error from stream worker: Not Found error opening stream (HTTP_NOT_FOUND, Server returned 404 Not Found, rtsp://****:****@172.27.192.1:8554/mystream)
2025-05-31 21:47:49.762 ERROR (stream_worker) [homeassistant.components.stream.stream.camera.172_27_192_1] Error from stream worker: Not Found error opening stream (HTTP_NOT_FOUND, Server returned 404 Not Found, rtsp://****:****@172.27.192.1:8554/mystream)
2025-05-31 21:48:23.337 WARNING (MainThread) [homeassistant.helpers.template] Template variable warning: 'dict object' has no attribute 'name' when rendering 'stove "{{trigger.name }}" is still on, but no one is detected in the kitchen.'
2025-05-31 21:49:49.764 ERROR (stream_worker) [homeassistant.components.stream.stream.camera.172_27_192_1] Error from stream worker: Not Found error opening stream (HTTP_NOT_FOUND, Server returned 404 Not Found, rtsp://****:****@172.27.192.1:8554/mystream)
2025-05-31 21:51:59.766 ERROR (stream_worker) [homeassistant.components.stream.stream.camera.172_27_192_1] Error from stream worker: Not Found error opening stream (HTTP_NOT_FOUND, Server returned 404 Not Found, rtsp://****:****@172.27.192.1:8554/mystream)
2025-05-31 21:54:19.765 ERROR (stream_worker) [homeassistant.components.stream.stream.camera.172_27_192_1] Error from stream worker: Not Found error opening stream (HTTP_NOT_FOUND, Server returned 404 Not Found, rtsp://****:****@172.27.192.1:8554/mystream)
2025-05-31 22:13:11.894 ERROR (MainThread) [homeassistant.helpers.template] Template variable error: 'dict object' has no attribute 'notification_id' when rendering '{{ trigger.notification_id.startswith('frontdoor_camera_') }}'
2025-05-31 22:13:11.908 WARNING (MainThread) [homeassistant.components.automation] Error evaluating condition in 'Clear empty notification':
In 'condition':
  In 'template' condition: UndefinedError: 'dict object' has no attribute 'notification_id'
2025-05-31 22:13:17.014 ERROR (MainThread) [homeassistant.helpers.template] Template variable error: 'dict object' has no attribute 'notification_id' when rendering '{{ trigger.notification_id.startswith('frontdoor_camera_') }}'
2025-05-31 22:13:17.015 WARNING (MainThread) [homeassistant.components.automation] Error evaluating condition in 'Clear empty notification':
In 'condition':
  In 'template' condition: UndefinedError: 'dict object' has no attribute 'notification_id'
2025-05-31 22:13:22.082 ERROR (MainThread) [homeassistant.helpers.template] Template variable error: 'dict object' has no attribute 'notification_id' when rendering '{{ trigger.notification_id.startswith('frontdoor_camera_') }}'
2025-05-31 22:13:22.083 WARNING (MainThread) [homeassistant.components.automation] Error evaluating condition in 'Clear empty notification':
In 'condition':
  In 'template' condition: UndefinedError: 'dict object' has no attribute 'notification_id'
2025-05-31 22:13:27.239 ERROR (MainThread) [homeassistant.helpers.template] Template variable error: 'dict object' has no attribute 'notification_id' when rendering '{{ trigger.notification_id.startswith('frontdoor_camera_') }}'
2025-05-31 22:13:27.239 WARNING (MainThread) [homeassistant.components.automation] Error evaluating condition in 'Clear empty notification':
In 'condition':
  In 'template' condition: UndefinedError: 'dict object' has no attribute 'notification_id'
2025-05-31 22:13:32.661 ERROR (MainThread) [homeassistant.helpers.template] Template variable error: 'dict object' has no attribute 'notification_id' when rendering '{{ trigger.notification_id.startswith('frontdoor_camera_') }}'
2025-05-31 22:13:32.662 WARNING (MainThread) [homeassistant.components.automation] Error evaluating condition in 'Clear empty notification':
In 'condition':
  In 'template' condition: UndefinedError: 'dict object' has no attribute 'notification_id'
2025-05-31 22:13:37.850 ERROR (MainThread) [homeassistant.helpers.template] Template variable error: 'dict object' has no attribute 'notification_id' when rendering '{{ trigger.notification_id.startswith('frontdoor_camera_') }}'
2025-05-31 22:13:37.851 WARNING (MainThread) [homeassistant.components.automation] Error evaluating condition in 'Clear empty notification':
In 'condition':
  In 'template' condition: UndefinedError: 'dict object' has no attribute 'notification_id'
2025-05-31 22:13:41.919 ERROR (MainThread) [homeassistant.helpers.template] Template variable error: 'dict object' has no attribute 'notification_id' when rendering '{{ trigger.notification_id.startswith('frontdoor_camera_') }}'
2025-05-31 22:13:41.919 WARNING (MainThread) [homeassistant.components.automation] Error evaluating condition in 'Clear empty notification':
In 'condition':
  In 'template' condition: UndefinedError: 'dict object' has no attribute 'notification_id'
2025-05-31 22:13:47.114 ERROR (MainThread) [homeassistant.helpers.template] Template variable error: 'dict object' has no attribute 'notification_id' when rendering '{{ trigger.notification_id.startswith('frontdoor_camera_') }}'
2025-05-31 22:13:47.114 WARNING (MainThread) [homeassistant.components.automation] Error evaluating condition in 'Clear empty notification':
In 'condition':
  In 'template' condition: UndefinedError: 'dict object' has no attribute 'notification_id'
2025-05-31 22:13:52.260 ERROR (MainThread) [homeassistant.helpers.template] Template variable error: 'dict object' has no attribute 'notification_id' when rendering '{{ trigger.notification_id.startswith('frontdoor_camera_') }}'
2025-05-31 22:13:52.260 WARNING (MainThread) [homeassistant.components.automation] Error evaluating condition in 'Clear empty notification':
In 'condition':
  In 'template' condition: UndefinedError: 'dict object' has no attribute 'notification_id'
2025-05-31 22:13:58.267 ERROR (MainThread) [homeassistant.helpers.template] Template variable error: 'dict object' has no attribute 'notification_id' when rendering '{{ trigger.notification_id.startswith('frontdoor_camera_') }}'
2025-05-31 22:13:58.268 WARNING (MainThread) [homeassistant.components.automation] Error evaluating condition in 'Clear empty notification':
In 'condition':
  In 'template' condition: UndefinedError: 'dict object' has no attribute 'notification_id'
2025-05-31 22:14:03.522 ERROR (MainThread) [homeassistant.helpers.template] Template variable error: 'dict object' has no attribute 'notification_id' when rendering '{{ trigger.notification_id.startswith('frontdoor_camera_') }}'
2025-05-31 22:14:03.523 WARNING (MainThread) [homeassistant.components.automation] Error evaluating condition in 'Clear empty notification':
In 'condition':
  In 'template' condition: UndefinedError: 'dict object' has no attribute 'notification_id'
2025-05-31 22:14:08.891 ERROR (MainThread) [homeassistant.helpers.template] Template variable error: 'dict object' has no attribute 'notification_id' when rendering '{{ trigger.notification_id.startswith('frontdoor_camera_') }}'
2025-05-31 22:14:08.891 WARNING (MainThread) [homeassistant.components.automation] Error evaluating condition in 'Clear empty notification':
In 'condition':
  In 'template' condition: UndefinedError: 'dict object' has no attribute 'notification_id'
2025-05-31 22:14:14.218 ERROR (MainThread) [homeassistant.helpers.template] Template variable error: 'dict object' has no attribute 'notification_id' when rendering '{{ trigger.notification_id.startswith('frontdoor_camera_') }}'
2025-05-31 22:14:14.219 WARNING (MainThread) [homeassistant.components.automation] Error evaluating condition in 'Clear empty notification':
In 'condition':
  In 'template' condition: UndefinedError: 'dict object' has no attribute 'notification_id'
2025-05-31 22:14:19.776 ERROR (MainThread) [homeassistant.helpers.template] Template variable error: 'dict object' has no attribute 'notification_id' when rendering '{{ trigger.notification_id.startswith('frontdoor_camera_') }}'
2025-05-31 22:14:19.777 WARNING (MainThread) [homeassistant.components.automation] Error evaluating condition in 'Clear empty notification':
In 'condition':
  In 'template' condition: UndefinedError: 'dict object' has no attribute 'notification_id'
2025-05-31 22:14:24.912 ERROR (MainThread) [homeassistant.helpers.template] Template variable error: 'dict object' has no attribute 'notification_id' when rendering '{{ trigger.notification_id.startswith('frontdoor_camera_') }}'
2025-05-31 22:14:24.913 WARNING (MainThread) [homeassistant.components.automation] Error evaluating condition in 'Clear empty notification':
In 'condition':
  In 'template' condition: UndefinedError: 'dict object' has no attribute 'notification_id'
2025-05-31 22:14:30.276 ERROR (MainThread) [homeassistant.helpers.template] Template variable error: 'dict object' has no attribute 'notification_id' when rendering '{{ trigger.notification_id.startswith('frontdoor_camera_') }}'
2025-05-31 22:14:30.276 WARNING (MainThread) [homeassistant.components.automation] Error evaluating condition in 'Clear empty notification':
In 'condition':
  In 'template' condition: UndefinedError: 'dict object' has no attribute 'notification_id'
2025-05-31 22:14:34.461 ERROR (MainThread) [homeassistant.helpers.template] Template variable error: 'dict object' has no attribute 'notification_id' when rendering '{{ trigger.notification_id.startswith('frontdoor_camera_') }}'
2025-05-31 22:14:34.462 WARNING (MainThread) [homeassistant.components.automation] Error evaluating condition in 'Clear empty notification':
In 'condition':
  In 'template' condition: UndefinedError: 'dict object' has no attribute 'notification_id'
2025-05-31 22:14:39.652 ERROR (MainThread) [homeassistant.helpers.template] Template variable error: 'dict object' has no attribute 'notification_id' when rendering '{{ trigger.notification_id.startswith('frontdoor_camera_') }}'
2025-05-31 22:14:39.652 WARNING (MainThread) [homeassistant.components.automation] Error evaluating condition in 'Clear empty notification':
In 'condition':
  In 'template' condition: UndefinedError: 'dict object' has no attribute 'notification_id'
2025-05-31 22:14:44.964 ERROR (MainThread) [homeassistant.helpers.template] Template variable error: 'dict object' has no attribute 'notification_id' when rendering '{{ trigger.notification_id.startswith('frontdoor_camera_') }}'
2025-05-31 22:14:44.965 WARNING (MainThread) [homeassistant.components.automation] Error evaluating condition in 'Clear empty notification':
In 'condition':
  In 'template' condition: UndefinedError: 'dict object' has no attribute 'notification_id'
2025-05-31 22:14:50.211 ERROR (MainThread) [homeassistant.helpers.template] Template variable error: 'dict object' has no attribute 'notification_id' when rendering '{{ trigger.notification_id.startswith('frontdoor_camera_') }}'
2025-05-31 22:14:50.212 WARNING (MainThread) [homeassistant.components.automation] Error evaluating condition in 'Clear empty notification':
In 'condition':
  In 'template' condition: UndefinedError: 'dict object' has no attribute 'notification_id'
2025-05-31 22:14:55.462 ERROR (MainThread) [homeassistant.helpers.template] Template variable error: 'dict object' has no attribute 'notification_id' when rendering '{{ trigger.notification_id.startswith('frontdoor_camera_') }}'
2025-05-31 22:14:55.463 WARNING (MainThread) [homeassistant.components.automation] Error evaluating condition in 'Clear empty notification':
In 'condition':
  In 'template' condition: UndefinedError: 'dict object' has no attribute 'notification_id'
2025-05-31 22:15:00.707 ERROR (MainThread) [homeassistant.helpers.template] Template variable error: 'dict object' has no attribute 'notification_id' when rendering '{{ trigger.notification_id.startswith('frontdoor_camera_') }}'
2025-05-31 22:15:00.707 WARNING (MainThread) [homeassistant.components.automation] Error evaluating condition in 'Clear empty notification':
In 'condition':
  In 'template' condition: UndefinedError: 'dict object' has no attribute 'notification_id'
2025-05-31 22:15:05.837 ERROR (MainThread) [homeassistant.helpers.template] Template variable error: 'dict object' has no attribute 'notification_id' when rendering '{{ trigger.notification_id.startswith('frontdoor_camera_') }}'
2025-05-31 22:15:05.838 WARNING (MainThread) [homeassistant.components.automation] Error evaluating condition in 'Clear empty notification':
In 'condition':
  In 'template' condition: UndefinedError: 'dict object' has no attribute 'notification_id'
2025-05-31 22:15:12.985 ERROR (MainThread) [homeassistant.helpers.template] Template variable error: 'dict object' has no attribute 'notification_id' when rendering '{{ trigger.notification_id.startswith('frontdoor_camera_') }}'
2025-05-31 22:15:12.985 WARNING (MainThread) [homeassistant.components.automation] Error evaluating condition in 'Clear empty notification':
In 'condition':
  In 'template' condition: UndefinedError: 'dict object' has no attribute 'notification_id'
2025-05-31 22:15:18.342 ERROR (MainThread) [homeassistant.helpers.template] Template variable error: 'dict object' has no attribute 'notification_id' when rendering '{{ trigger.notification_id.startswith('frontdoor_camera_') }}'
2025-05-31 22:15:18.343 WARNING (MainThread) [homeassistant.components.automation] Error evaluating condition in 'Clear empty notification':
In 'condition':
  In 'template' condition: UndefinedError: 'dict object' has no attribute 'notification_id'
2025-05-31 22:15:23.524 ERROR (MainThread) [homeassistant.helpers.template] Template variable error: 'dict object' has no attribute 'notification_id' when rendering '{{ trigger.notification_id.startswith('frontdoor_camera_') }}'
2025-05-31 22:15:23.524 WARNING (MainThread) [homeassistant.components.automation] Error evaluating condition in 'Clear empty notification':
In 'condition':
  In 'template' condition: UndefinedError: 'dict object' has no attribute 'notification_id'
2025-05-31 22:15:28.609 ERROR (MainThread) [homeassistant.helpers.template] Template variable error: 'dict object' has no attribute 'notification_id' when rendering '{{ trigger.notification_id.startswith('frontdoor_camera_') }}'
2025-05-31 22:15:28.610 WARNING (MainThread) [homeassistant.components.automation] Error evaluating condition in 'Clear empty notification':
In 'condition':
  In 'template' condition: UndefinedError: 'dict object' has no attribute 'notification_id'
2025-05-31 22:15:33.952 ERROR (MainThread) [homeassistant.helpers.template] Template variable error: 'dict object' has no attribute 'notification_id' when rendering '{{ trigger.notification_id.startswith('frontdoor_camera_') }}'
2025-05-31 22:15:33.952 WARNING (MainThread) [homeassistant.components.automation] Error evaluating condition in 'Clear empty notification':
In 'condition':
  In 'template' condition: UndefinedError: 'dict object' has no attribute 'notification_id'
2025-05-31 22:15:39.137 ERROR (MainThread) [homeassistant.helpers.template] Template variable error: 'dict object' has no attribute 'notification_id' when rendering '{{ trigger.notification_id.startswith('frontdoor_camera_') }}'
2025-05-31 22:15:39.138 WARNING (MainThread) [homeassistant.components.automation] Error evaluating condition in 'Clear empty notification':
In 'condition':
  In 'template' condition: UndefinedError: 'dict object' has no attribute 'notification_id'
2025-05-31 22:15:44.367 ERROR (MainThread) [homeassistant.helpers.template] Template variable error: 'dict object' has no attribute 'notification_id' when rendering '{{ trigger.notification_id.startswith('frontdoor_camera_') }}'
2025-05-31 22:15:44.368 WARNING (MainThread) [homeassistant.components.automation] Error evaluating condition in 'Clear empty notification':
In 'condition':
  In 'template' condition: UndefinedError: 'dict object' has no attribute 'notification_id'
2025-05-31 22:15:49.592 ERROR (MainThread) [homeassistant.helpers.template] Template variable error: 'dict object' has no attribute 'notification_id' when rendering '{{ trigger.notification_id.startswith('frontdoor_camera_') }}'
2025-05-31 22:15:49.593 WARNING (MainThread) [homeassistant.components.automation] Error evaluating condition in 'Clear empty notification':
In 'condition':
  In 'template' condition: UndefinedError: 'dict object' has no attribute 'notification_id'
2025-05-31 22:15:54.903 ERROR (MainThread) [homeassistant.helpers.template] Template variable error: 'dict object' has no attribute 'notification_id' when rendering '{{ trigger.notification_id.startswith('frontdoor_camera_') }}'
2025-05-31 22:15:54.903 WARNING (MainThread) [homeassistant.components.automation] Error evaluating condition in 'Clear empty notification':
In 'condition':
  In 'template' condition: UndefinedError: 'dict object' has no attribute 'notification_id'
2025-05-31 22:16:00.234 ERROR (MainThread) [homeassistant.helpers.template] Template variable error: 'dict object' has no attribute 'notification_id' when rendering '{{ trigger.notification_id.startswith('frontdoor_camera_') }}'
2025-05-31 22:16:00.235 WARNING (MainThread) [homeassistant.components.automation] Error evaluating condition in 'Clear empty notification':
In 'condition':
  In 'template' condition: UndefinedError: 'dict object' has no attribute 'notification_id'
2025-05-31 22:16:05.473 ERROR (MainThread) [homeassistant.helpers.template] Template variable error: 'dict object' has no attribute 'notification_id' when rendering '{{ trigger.notification_id.startswith('frontdoor_camera_') }}'
2025-05-31 22:16:05.474 WARNING (MainThread) [homeassistant.components.automation] Error evaluating condition in 'Clear empty notification':
In 'condition':
  In 'template' condition: UndefinedError: 'dict object' has no attribute 'notification_id'
2025-05-31 22:16:10.657 ERROR (MainThread) [homeassistant.helpers.template] Template variable error: 'dict object' has no attribute 'notification_id' when rendering '{{ trigger.notification_id.startswith('frontdoor_camera_') }}'
2025-05-31 22:16:10.657 WARNING (MainThread) [homeassistant.components.automation] Error evaluating condition in 'Clear empty notification':
In 'condition':
  In 'template' condition: UndefinedError: 'dict object' has no attribute 'notification_id'
2025-05-31 22:16:16.864 ERROR (MainThread) [homeassistant.helpers.template] Template variable error: 'dict object' has no attribute 'notification_id' when rendering '{{ trigger.notification_id.startswith('frontdoor_camera_') }}'
2025-05-31 22:16:16.865 WARNING (MainThread) [homeassistant.components.automation] Error evaluating condition in 'Clear empty notification':
In 'condition':
  In 'template' condition: UndefinedError: 'dict object' has no attribute 'notification_id'
2025-05-31 22:16:21.864 ERROR (MainThread) [homeassistant.helpers.template] Template variable error: 'dict object' has no attribute 'notification_id' when rendering '{{ trigger.notification_id.startswith('frontdoor_camera_') }}'
2025-05-31 22:16:21.865 WARNING (MainThread) [homeassistant.components.automation] Error evaluating condition in 'Clear empty notification':
In 'condition':
  In 'template' condition: UndefinedError: 'dict object' has no attribute 'notification_id'
2025-05-31 22:16:21.865 ERROR (MainThread) [homeassistant.helpers.template] Template variable error: 'dict object' has no attribute 'notification_id' when rendering '{{ trigger.notification_id.startswith('frontdoor_camera_') }}'
2025-05-31 22:16:21.865 WARNING (MainThread) [homeassistant.components.automation] Error evaluating condition in 'Clear empty notification':
In 'condition':
  In 'template' condition: UndefinedError: 'dict object' has no attribute 'notification_id'
2025-05-31 22:16:21.866 ERROR (MainThread) [homeassistant.helpers.template] Template variable error: 'dict object' has no attribute 'notification_id' when rendering '{{ trigger.notification_id.startswith('frontdoor_camera_') }}'
2025-05-31 22:16:21.866 WARNING (MainThread) [homeassistant.components.automation] Error evaluating condition in 'Clear empty notification':
In 'condition':
  In 'template' condition: UndefinedError: 'dict object' has no attribute 'notification_id'
2025-05-31 22:16:21.866 ERROR (MainThread) [homeassistant.helpers.template] Template variable error: 'dict object' has no attribute 'notification_id' when rendering '{{ trigger.notification_id.startswith('frontdoor_camera_') }}'
2025-05-31 22:16:21.866 WARNING (MainThread) [homeassistant.components.automation] Error evaluating condition in 'Clear empty notification':
In 'condition':
  In 'template' condition: UndefinedError: 'dict object' has no attribute 'notification_id'
2025-05-31 22:16:22.265 ERROR (MainThread) [homeassistant.helpers.template] Template variable error: 'dict object' has no attribute 'notification_id' when rendering '{{ trigger.notification_id.startswith('frontdoor_camera_') }}'
2025-05-31 22:16:22.266 WARNING (MainThread) [homeassistant.components.automation] Error evaluating condition in 'Clear empty notification':
In 'condition':
  In 'template' condition: UndefinedError: 'dict object' has no attribute 'notification_id'
2025-05-31 22:16:27.370 ERROR (MainThread) [homeassistant.helpers.template] Template variable error: 'dict object' has no attribute 'notification_id' when rendering '{{ trigger.notification_id.startswith('frontdoor_camera_') }}'
2025-05-31 22:16:27.371 WARNING (MainThread) [homeassistant.components.automation] Error evaluating condition in 'Clear empty notification':
In 'condition':
  In 'template' condition: UndefinedError: 'dict object' has no attribute 'notification_id'
2025-05-31 22:16:32.744 ERROR (MainThread) [homeassistant.helpers.template] Template variable error: 'dict object' has no attribute 'notification_id' when rendering '{{ trigger.notification_id.startswith('frontdoor_camera_') }}'
2025-05-31 22:16:32.744 WARNING (MainThread) [homeassistant.components.automation] Error evaluating condition in 'Clear empty notification':
In 'condition':
  In 'template' condition: UndefinedError: 'dict object' has no attribute 'notification_id'
2025-05-31 22:16:37.837 ERROR (MainThread) [homeassistant.helpers.template] Template variable error: 'dict object' has no attribute 'notification_id' when rendering '{{ trigger.notification_id.startswith('frontdoor_camera_') }}'
2025-05-31 22:16:37.838 WARNING (MainThread) [homeassistant.components.automation] Error evaluating condition in 'Clear empty notification':
In 'condition':
  In 'template' condition: UndefinedError: 'dict object' has no attribute 'notification_id'
2025-05-31 22:16:43.230 ERROR (MainThread) [homeassistant.helpers.template] Template variable error: 'dict object' has no attribute 'notification_id' when rendering '{{ trigger.notification_id.startswith('frontdoor_camera_') }}'
2025-05-31 22:16:43.231 WARNING (MainThread) [homeassistant.components.automation] Error evaluating condition in 'Clear empty notification':
In 'condition':
  In 'template' condition: UndefinedError: 'dict object' has no attribute 'notification_id'
2025-05-31 22:16:48.320 ERROR (MainThread) [homeassistant.helpers.template] Template variable error: 'dict object' has no attribute 'notification_id' when rendering '{{ trigger.notification_id.startswith('frontdoor_camera_') }}'
2025-05-31 22:16:48.320 WARNING (MainThread) [homeassistant.components.automation] Error evaluating condition in 'Clear empty notification':
In 'condition':
  In 'template' condition: UndefinedError: 'dict object' has no attribute 'notification_id'
2025-05-31 22:16:53.500 ERROR (MainThread) [homeassistant.helpers.template] Template variable error: 'dict object' has no attribute 'notification_id' when rendering '{{ trigger.notification_id.startswith('frontdoor_camera_') }}'
2025-05-31 22:16:53.500 WARNING (MainThread) [homeassistant.components.automation] Error evaluating condition in 'Clear empty notification':
In 'condition':
  In 'template' condition: UndefinedError: 'dict object' has no attribute 'notification_id'
2025-05-31 22:16:58.796 ERROR (MainThread) [homeassistant.helpers.template] Template variable error: 'dict object' has no attribute 'notification_id' when rendering '{{ trigger.notification_id.startswith('frontdoor_camera_') }}'
2025-05-31 22:16:58.796 WARNING (MainThread) [homeassistant.components.automation] Error evaluating condition in 'Clear empty notification':
In 'condition':
  In 'template' condition: UndefinedError: 'dict object' has no attribute 'notification_id'
2025-05-31 22:17:04.224 ERROR (MainThread) [homeassistant.helpers.template] Template variable error: 'dict object' has no attribute 'notification_id' when rendering '{{ trigger.notification_id.startswith('frontdoor_camera_') }}'
2025-05-31 22:17:04.224 WARNING (MainThread) [homeassistant.components.automation] Error evaluating condition in 'Clear empty notification':
In 'condition':
  In 'template' condition: UndefinedError: 'dict object' has no attribute 'notification_id'
2025-05-31 22:17:09.521 ERROR (MainThread) [homeassistant.helpers.template] Template variable error: 'dict object' has no attribute 'notification_id' when rendering '{{ trigger.notification_id.startswith('frontdoor_camera_') }}'
2025-05-31 22:17:09.521 WARNING (MainThread) [homeassistant.components.automation] Error evaluating condition in 'Clear empty notification':
In 'condition':
  In 'template' condition: UndefinedError: 'dict object' has no attribute 'notification_id'
2025-05-31 22:17:14.617 ERROR (MainThread) [homeassistant.helpers.template] Template variable error: 'dict object' has no attribute 'notification_id' when rendering '{{ trigger.notification_id.startswith('frontdoor_camera_') }}'
2025-05-31 22:17:14.618 WARNING (MainThread) [homeassistant.components.automation] Error evaluating condition in 'Clear empty notification':
In 'condition':
  In 'template' condition: UndefinedError: 'dict object' has no attribute 'notification_id'
2025-05-31 22:17:19.944 ERROR (MainThread) [homeassistant.helpers.template] Template variable error: 'dict object' has no attribute 'notification_id' when rendering '{{ trigger.notification_id.startswith('frontdoor_camera_') }}'
2025-05-31 22:17:19.944 WARNING (MainThread) [homeassistant.components.automation] Error evaluating condition in 'Clear empty notification':
In 'condition':
  In 'template' condition: UndefinedError: 'dict object' has no attribute 'notification_id'
2025-05-31 22:17:25.168 ERROR (MainThread) [homeassistant.helpers.template] Template variable error: 'dict object' has no attribute 'notification_id' when rendering '{{ trigger.notification_id.startswith('frontdoor_camera_') }}'
2025-05-31 22:17:25.169 WARNING (MainThread) [homeassistant.components.automation] Error evaluating condition in 'Clear empty notification':
In 'condition':
  In 'template' condition: UndefinedError: 'dict object' has no attribute 'notification_id'
2025-05-31 22:17:33.496 ERROR (MainThread) [homeassistant.helpers.template] Template variable error: 'dict object' has no attribute 'notification_id' when rendering '{{ trigger.notification_id.startswith('frontdoor_camera_') }}'
2025-05-31 22:17:33.496 WARNING (MainThread) [homeassistant.components.automation] Error evaluating condition in 'Clear empty notification':
In 'condition':
  In 'template' condition: UndefinedError: 'dict object' has no attribute 'notification_id'
2025-05-31 22:17:38.866 ERROR (MainThread) [homeassistant.helpers.template] Template variable error: 'dict object' has no attribute 'notification_id' when rendering '{{ trigger.notification_id.startswith('frontdoor_camera_') }}'
2025-05-31 22:17:38.866 WARNING (MainThread) [homeassistant.components.automation] Error evaluating condition in 'Clear empty notification':
In 'condition':
  In 'template' condition: UndefinedError: 'dict object' has no attribute 'notification_id'
2025-05-31 22:17:44.250 ERROR (MainThread) [homeassistant.helpers.template] Template variable error: 'dict object' has no attribute 'notification_id' when rendering '{{ trigger.notification_id.startswith('frontdoor_camera_') }}'
2025-05-31 22:17:44.251 WARNING (MainThread) [homeassistant.components.automation] Error evaluating condition in 'Clear empty notification':
In 'condition':
  In 'template' condition: UndefinedError: 'dict object' has no attribute 'notification_id'
2025-05-31 22:17:49.486 ERROR (MainThread) [homeassistant.helpers.template] Template variable error: 'dict object' has no attribute 'notification_id' when rendering '{{ trigger.notification_id.startswith('frontdoor_camera_') }}'
2025-05-31 22:17:49.487 WARNING (MainThread) [homeassistant.components.automation] Error evaluating condition in 'Clear empty notification':
In 'condition':
  In 'template' condition: UndefinedError: 'dict object' has no attribute 'notification_id'
2025-05-31 22:17:54.596 WARNING (MainThread) [homeassistant.helpers.template] Template variable warning: 'dict object' has no attribute 'notification_id' when rendering '{{trigger.notification_id}}'
2025-05-31 22:17:54.600 WARNING (MainThread) [homeassistant.components.automation.clear_empty_notification] Clear empty notification: Already running
2025-05-31 22:17:59.841 WARNING (MainThread) [homeassistant.helpers.template] Template variable warning: 'dict object' has no attribute 'notification_id' when rendering '{{trigger.notification_id}}'
2025-05-31 22:17:59.842 WARNING (MainThread) [homeassistant.components.automation.clear_empty_notification] Clear empty notification: Already running
2025-05-31 22:18:04.908 WARNING (MainThread) [homeassistant.helpers.template] Template variable warning: 'dict object' has no attribute 'notification_id' when rendering '{{trigger.notification_id}}'
2025-05-31 22:18:04.909 WARNING (MainThread) [homeassistant.components.automation.clear_empty_notification] Clear empty notification: Already running
2025-05-31 22:18:10.283 WARNING (MainThread) [homeassistant.helpers.template] Template variable warning: 'dict object' has no attribute 'notification_id' when rendering '{{trigger.notification_id}}'
2025-05-31 22:18:10.284 WARNING (MainThread) [homeassistant.components.automation.clear_empty_notification] Clear empty notification: Already running
2025-05-31 22:18:15.400 WARNING (MainThread) [homeassistant.helpers.template] Template variable warning: 'dict object' has no attribute 'notification_id' when rendering '{{trigger.notification_id}}'
2025-05-31 22:18:15.401 WARNING (MainThread) [homeassistant.components.automation.clear_empty_notification] Clear empty notification: Already running
2025-05-31 22:18:20.548 WARNING (MainThread) [homeassistant.helpers.template] Template variable warning: 'dict object' has no attribute 'notification_id' when rendering '{{trigger.notification_id}}'
2025-05-31 22:18:20.549 WARNING (MainThread) [homeassistant.components.automation.clear_empty_notification] Clear empty notification: Already running
2025-05-31 22:18:29.960 WARNING (MainThread) [homeassistant.helpers.template] Template variable warning: 'dict object' has no attribute 'notification_id' when rendering '{{trigger.notification_id}}'
2025-05-31 22:18:29.961 WARNING (MainThread) [homeassistant.components.automation.clear_empty_notification] Clear empty notification: Already running
2025-05-31 22:18:35.169 WARNING (MainThread) [homeassistant.components.automation.clear_empty_notification] Clear empty notification: Already running
2025-05-31 22:18:45.591 WARNING (MainThread) [homeassistant.components.automation.clear_empty_notification] Clear empty notification: Already running
2025-05-31 22:18:50.896 WARNING (MainThread) [homeassistant.components.automation.clear_empty_notification] Clear empty notification: Already running
2025-05-31 22:18:56.121 WARNING (MainThread) [homeassistant.components.automation.clear_empty_notification] Clear empty notification: Already running
2025-05-31 22:19:01.366 WARNING (MainThread) [homeassistant.components.automation.clear_empty_notification] Clear empty notification: Already running
2025-05-31 22:19:06.544 WARNING (MainThread) [homeassistant.components.automation.clear_empty_notification] Clear empty notification: Already running
2025-05-31 22:19:11.706 WARNING (MainThread) [homeassistant.components.automation.clear_empty_notification] Clear empty notification: Already running
2025-05-31 22:19:16.926 WARNING (MainThread) [homeassistant.components.automation.clear_empty_notification] Clear empty notification: Already running
2025-05-31 22:19:21.290 WARNING (MainThread) [homeassistant.components.automation.clear_empty_notification] Clear empty notification: Already running
2025-05-31 22:22:22.814 WARNING (MainThread) [homeassistant.components.automation.clear_empty_notification] Clear empty notification: Already running
2025-05-31 22:22:33.283 WARNING (MainThread) [homeassistant.components.automation.clear_empty_notification] Clear empty notification: Already running
2025-05-31 22:22:49.939 WARNING (MainThread) [homeassistant.components.automation.clear_empty_notification] Clear empty notification: Already running
2025-05-31 22:23:13.890 WARNING (MainThread) [homeassistant.components.automation.clear_empty_notification] Clear empty notification: Already running
2025-05-31 22:23:18.951 WARNING (MainThread) [homeassistant.components.automation.clear_empty_notification] Clear empty notification: Already running
2025-05-31 22:23:24.284 WARNING (MainThread) [homeassistant.components.automation.clear_empty_notification] Clear empty notification: Already running
2025-05-31 22:23:29.491 WARNING (MainThread) [homeassistant.components.automation.clear_empty_notification] Clear empty notification: Already running
2025-05-31 22:23:55.179 WARNING (MainThread) [homeassistant.components.automation.clear_empty_notification] Clear empty notification: Already running
2025-05-31 22:24:08.276 WARNING (MainThread) [homeassistant.components.automation.clear_empty_notification] Clear empty notification: Already running
2025-05-31 22:24:23.928 WARNING (MainThread) [homeassistant.components.automation.clear_empty_notification] Clear empty notification: Already running
2025-05-31 22:24:41.116 WARNING (MainThread) [homeassistant.components.automation.clear_empty_notification] Clear empty notification: Already running
2025-05-31 22:24:46.330 WARNING (MainThread) [homeassistant.components.automation.clear_empty_notification] Clear empty notification: Already running
2025-05-31 22:25:08.955 WARNING (MainThread) [homeassistant.components.automation.clear_empty_notification] Clear empty notification: Already running
2025-05-31 22:25:12.145 WARNING (MainThread) [homeassistant.components.automation.clear_empty_notification] Clear empty notification: Already running
2025-05-31 22:25:17.397 WARNING (MainThread) [homeassistant.components.automation.clear_empty_notification] Clear empty notification: Already running
2025-05-31 22:25:22.575 WARNING (MainThread) [homeassistant.components.automation.clear_empty_notification] Clear empty notification: Already running
2025-05-31 22:25:32.700 WARNING (MainThread) [homeassistant.components.automation.clear_empty_notification] Clear empty notification: Already running
2025-05-31 22:25:43.078 WARNING (MainThread) [homeassistant.components.automation.clear_empty_notification] Clear empty notification: Already running
2025-05-31 22:25:48.328 WARNING (MainThread) [homeassistant.components.automation.clear_empty_notification] Clear empty notification: Already running
2025-05-31 22:25:56.089 WARNING (MainThread) [homeassistant.components.automation.clear_empty_notification] Clear empty notification: Already running
2025-05-31 22:26:41.631 WARNING (MainThread) [homeassistant.components.automation.clear_empty_notification] Clear empty notification: Already running
2025-05-31 22:26:46.834 WARNING (MainThread) [homeassistant.components.automation.clear_empty_notification] Clear empty notification: Already running
2025-05-31 22:26:52.118 WARNING (MainThread) [homeassistant.components.automation.clear_empty_notification] Clear empty notification: Already running
2025-05-31 22:27:07.187 WARNING (MainThread) [homeassistant.components.automation.clear_empty_notification] Clear empty notification: Already running
2025-05-31 22:27:19.459 WARNING (MainThread) [homeassistant.components.automation.clear_empty_notification] Clear empty notification: Already running
2025-05-31 22:27:39.706 WARNING (MainThread) [homeassistant.components.automation.clear_empty_notification] Clear empty notification: Already running
2025-05-31 22:28:02.290 WARNING (MainThread) [homeassistant.components.automation.clear_empty_notification] Clear empty notification: Already running
2025-05-31 22:28:07.498 WARNING (MainThread) [homeassistant.components.automation.clear_empty_notification] Clear empty notification: Already running
2025-05-31 22:28:10.887 ERROR (stream_worker) [homeassistant.components.stream.stream.camera.172_27_192_1] Error from stream worker: Stream ended; no additional packets
2025-05-31 22:28:20.898 ERROR (stream_worker) [homeassistant.components.stream.stream.camera.172_27_192_1] Error from stream worker: Not Found error opening stream (HTTP_NOT_FOUND, Server returned 404 Not Found, rtsp://****:****@172.27.192.1:8554/mystream)
2025-05-31 22:28:40.903 ERROR (stream_worker) [homeassistant.components.stream.stream.camera.172_27_192_1] Error from stream worker: Not Found error opening stream (HTTP_NOT_FOUND, Server returned 404 Not Found, rtsp://****:****@172.27.192.1:8554/mystream)
2025-05-31 22:29:10.908 ERROR (stream_worker) [homeassistant.components.stream.stream.camera.172_27_192_1] Error from stream worker: Not Found error opening stream (HTTP_NOT_FOUND, Server returned 404 Not Found, rtsp://****:****@172.27.192.1:8554/mystream)
2025-05-31 22:29:50.932 ERROR (stream_worker) [homeassistant.components.stream.stream.camera.172_27_192_1] Error from stream worker: Not Found error opening stream (HTTP_NOT_FOUND, Server returned 404 Not Found, rtsp://****:****@172.27.192.1:8554/mystream)
2025-05-31 22:30:40.940 ERROR (stream_worker) [homeassistant.components.stream.stream.camera.172_27_192_1] Error from stream worker: Not Found error opening stream (HTTP_NOT_FOUND, Server returned 404 Not Found, rtsp://****:****@172.27.192.1:8554/mystream)
2025-05-31 22:31:40.946 ERROR (stream_worker) [homeassistant.components.stream.stream.camera.172_27_192_1] Error from stream worker: Not Found error opening stream (HTTP_NOT_FOUND, Server returned 404 Not Found, rtsp://****:****@172.27.192.1:8554/mystream)
2025-05-31 22:32:50.953 ERROR (stream_worker) [homeassistant.components.stream.stream.camera.172_27_192_1] Error from stream worker: Not Found error opening stream (HTTP_NOT_FOUND, Server returned 404 Not Found, rtsp://****:****@172.27.192.1:8554/mystream)
2025-05-31 22:34:10.954 ERROR (stream_worker) [homeassistant.components.stream.stream.camera.172_27_192_1] Error from stream worker: Not Found error opening stream (HTTP_NOT_FOUND, Server returned 404 Not Found, rtsp://****:****@172.27.192.1:8554/mystream)
2025-05-31 22:35:40.955 ERROR (stream_worker) [homeassistant.components.stream.stream.camera.172_27_192_1] Error from stream worker: Not Found error opening stream (HTTP_NOT_FOUND, Server returned 404 Not Found, rtsp://****:****@172.27.192.1:8554/mystream)
2025-05-31 22:37:20.960 ERROR (stream_worker) [homeassistant.components.stream.stream.camera.172_27_192_1] Error from stream worker: Not Found error opening stream (HTTP_NOT_FOUND, Server returned 404 Not Found, rtsp://****:****@172.27.192.1:8554/mystream)
2025-05-31 22:39:10.959 ERROR (stream_worker) [homeassistant.components.stream.stream.camera.172_27_192_1] Error from stream worker: Not Found error opening stream (HTTP_NOT_FOUND, Server returned 404 Not Found, rtsp://****:****@172.27.192.1:8554/mystream)
2025-05-31 22:41:10.960 ERROR (stream_worker) [homeassistant.components.stream.stream.camera.172_27_192_1] Error from stream worker: Not Found error opening stream (HTTP_NOT_FOUND, Server returned 404 Not Found, rtsp://****:****@172.27.192.1:8554/mystream)
2025-05-31 22:43:20.969 ERROR (stream_worker) [homeassistant.components.stream.stream.camera.172_27_192_1] Error from stream worker: Not Found error opening stream (HTTP_NOT_FOUND, Server returned 404 Not Found, rtsp://****:****@172.27.192.1:8554/mystream)
2025-05-31 22:45:40.975 ERROR (stream_worker) [homeassistant.components.stream.stream.camera.172_27_192_1] Error from stream worker: Not Found error opening stream (HTTP_NOT_FOUND, Server returned 404 Not Found, rtsp://****:****@172.27.192.1:8554/mystream)
2025-05-31 22:48:10.977 ERROR (stream_worker) [homeassistant.components.stream.stream.camera.172_27_192_1] Error from stream worker: Not Found error opening stream (HTTP_NOT_FOUND, Server returned 404 Not Found, rtsp://****:****@172.27.192.1:8554/mystream)
2025-05-31 22:50:50.982 ERROR (stream_worker) [homeassistant.components.stream.stream.camera.172_27_192_1] Error from stream worker: Not Found error opening stream (HTTP_NOT_FOUND, Server returned 404 Not Found, rtsp://****:****@172.27.192.1:8554/mystream)
2025-05-31 22:53:08.895 ERROR (MainThread) [homeassistant.helpers.template] Template variable error: 'condition' is undefined when rendering '"{{ condition.entity_id.split('.')[1].replace('_', ' ').title() }}" is still on, but no one is detected in the kitchen.'
2025-05-31 22:53:08.899 ERROR (MainThread) [homeassistant.components.automation.stove_open_warning] Stove open warning: Error executing script. Error for call_service at pos 1: Error rendering data template: UndefinedError: 'condition' is undefined
2025-05-31 22:53:08.900 ERROR (MainThread) [homeassistant.components.automation.stove_open_warning] Error while executing automation automation.stove_open_warning: Error rendering data template: UndefinedError: 'condition' is undefined
2025-05-31 22:53:40.987 ERROR (stream_worker) [homeassistant.components.stream.stream.camera.172_27_192_1] Error from stream worker: Not Found error opening stream (HTTP_NOT_FOUND, Server returned 404 Not Found, rtsp://****:****@172.27.192.1:8554/mystream)
2025-05-31 22:53:49.791 ERROR (MainThread) [homeassistant.helpers.template] Template variable error: 'condition' is undefined when rendering '"{{ condition.entity_id.split('.')[1].replace('_', ' ').title() }}" is still on, but no one is detected in the kitchen.'
2025-05-31 22:53:49.791 ERROR (MainThread) [homeassistant.components.automation.stove_open_warning] Stove open warning: Error executing script. Error for call_service at pos 1: Error rendering data template: UndefinedError: 'condition' is undefined
2025-05-31 22:53:49.792 ERROR (MainThread) [homeassistant.components.automation.stove_open_warning] Error while executing automation automation.stove_open_warning: Error rendering data template: UndefinedError: 'condition' is undefined
2025-05-31 22:56:40.985 ERROR (stream_worker) [homeassistant.components.stream.stream.camera.172_27_192_1] Error from stream worker: Not Found error opening stream (HTTP_NOT_FOUND, Server returned 404 Not Found, rtsp://****:****@172.27.192.1:8554/mystream)
2025-05-31 22:59:50.982 ERROR (stream_worker) [homeassistant.components.stream.stream.camera.172_27_192_1] Error from stream worker: Not Found error opening stream (HTTP_NOT_FOUND, Server returned 404 Not Found, rtsp://****:****@172.27.192.1:8554/mystream)
2025-05-31 23:03:10.977 ERROR (stream_worker) [homeassistant.components.stream.stream.camera.172_27_192_1] Error from stream worker: Not Found error opening stream (HTTP_NOT_FOUND, Server returned 404 Not Found, rtsp://****:****@172.27.192.1:8554/mystream)
2025-05-31 23:06:40.974 ERROR (stream_worker) [homeassistant.components.stream.stream.camera.172_27_192_1] Error from stream worker: Not Found error opening stream (HTTP_NOT_FOUND, Server returned 404 Not Found, rtsp://****:****@172.27.192.1:8554/mystream)
